[INFO] 2014-01-02 14:19:23,827 prepareRefresh - Refreshing org.springframework.context.support.ClassPathXmlApplicationContext@1672113: display name [org.springframework.context.support.ClassPathXmlApplicationContext@1672113]; startup date [Thu Jan 02 14:19:23 CST 2014]; root of context hierarchy
[INFO] 2014-01-02 14:19:23,877 loadBeanDefinitions - Loading XML bean definitions from class path resource [spring/config/BeanLocations.xml]
[INFO] 2014-01-02 14:19:23,974 loadBeanDefinitions - Loading XML bean definitions from class path resource [spring/database/DataSource.xml]
[INFO] 2014-01-02 14:19:24,003 loadBeanDefinitions - Loading XML bean definitions from class path resource [spring/database/Hibernate.xml]
[INFO] 2014-01-02 14:19:24,022 loadBeanDefinitions - Loading XML bean definitions from class path resource [spring/beans/Mail.xml]
[INFO] 2014-01-02 14:19:24,036 loadBeanDefinitions - Loading XML bean definitions from class path resource [spring/beans/Account.xml]
[INFO] 2014-01-02 14:19:24,054 obtainFreshBeanFactory - Bean factory for application context [org.springframework.context.support.ClassPathXmlApplicationContext@1672113]: org.springframework.beans.factory.support.DefaultListableBeanFactory@9f8ac1
[INFO] 2014-01-02 14:19:24,100 loadProperties - Loading properties file from class path resource [properties/database.properties]
[INFO] 2014-01-02 14:19:24,111 preInstantiateSingletons - Pre-instantiating singletons in org.springframework.beans.factory.support.DefaultListableBeanFactory@9f8ac1: defining beans [org.springframework.beans.factory.config.PropertyPlaceholderConfigurer#0,dataSource,sessionFactory,mailBo,mailDao,accountBo,accountDao]; root of factory hierarchy
[INFO] 2014-01-02 14:19:24,123 setDriverClassName - Loaded JDBC driver: com.mysql.jdbc.Driver
[INFO] 2014-01-02 14:19:24,312 buildSessionFactory - Building new Hibernate SessionFactory
[INFO] 2014-01-02 14:19:25,095 task - JobID is:bowen_test11@163.com
[INFO] 2014-01-02 14:19:25,122 task - JobID is:test@koyoo.cn
[INFO] 2014-01-02 14:19:25,187 POP3connection - Build POP3 connection, Acccount = bowen_test11@163.com Password = waiwai33
[ERROR] 2014-01-02 14:19:27,303 getInboxMessages - *************************** POP3 End ***************************
[INFO] 2014-01-02 14:19:27,304 closePOP3connection - Close inbox.
[INFO] 2014-01-02 14:19:27,362 closePOP3connection - Close store.
[INFO] 2014-01-02 14:19:27,362 execute - No more new mails.
[INFO] 2014-01-02 14:19:30,161 POP3connection - Build POP3 connection, Acccount = test@koyoo.cn Password = test123456
[ERROR] 2014-01-02 14:19:31,068 getInboxMessages - *************************** POP3 End ***************************
[INFO] 2014-01-02 14:19:31,069 closePOP3connection - Close inbox.
[INFO] 2014-01-02 14:19:31,091 closePOP3connection - Close store.
[INFO] 2014-01-02 14:19:31,092 execute - No more new mails.
[INFO] 2014-01-02 15:57:10,950 - Refreshing org.springframework.context.support.ClassPathXmlApplicationContext@1a84b38: display name [org.springframework.context.support.ClassPathXmlApplicationContext@1a84b38]; startup date [Thu Jan 02 15:57:10 CST 2014]; root of context hierarchy
[INFO] 2014-01-02 15:57:11,019 - Loading XML bean definitions from class path resource [spring/config/BeanLocations.xml]
[INFO] 2014-01-02 15:57:11,145 - Loading XML bean definitions from class path resource [spring/database/DataSource.xml]
[INFO] 2014-01-02 15:57:11,175 - Loading XML bean definitions from class path resource [spring/database/Hibernate.xml]
[INFO] 2014-01-02 15:57:11,192 - Loading XML bean definitions from class path resource [spring/beans/Mail.xml]
[INFO] 2014-01-02 15:57:11,208 - Loading XML bean definitions from class path resource [spring/beans/Account.xml]
[INFO] 2014-01-02 15:57:11,232 - Bean factory for application context [org.springframework.context.support.ClassPathXmlApplicationContext@1a84b38]: org.springframework.beans.factory.support.DefaultListableBeanFactory@15750e4
[INFO] 2014-01-02 15:57:11,275 - Loading properties file from class path resource [properties/database.properties]
[INFO] 2014-01-02 15:57:11,284 - Pre-instantiating singletons in org.springframework.beans.factory.support.DefaultListableBeanFactory@15750e4: defining beans [org.springframework.beans.factory.config.PropertyPlaceholderConfigurer#0,dataSource,sessionFactory,mailBo,mailDao,accountBo,accountDao]; root of factory hierarchy
[INFO] 2014-01-02 15:57:11,298 - Loaded JDBC driver: com.mysql.jdbc.Driver
[INFO] 2014-01-02 15:57:11,502 - Building new Hibernate SessionFactory
[INFO] 2014-01-02 15:57:12,406 - JobID is:bowen_test11@163.com
[INFO] 2014-01-02 15:57:12,447 - JobID is:test@koyoo.cn
[INFO] 2014-01-02 15:58:53,581 - Refreshing org.springframework.context.support.ClassPathXmlApplicationContext@731e90: display name [org.springframework.context.support.ClassPathXmlApplicationContext@731e90]; startup date [Thu Jan 02 15:58:53 CST 2014]; root of context hierarchy
[INFO] 2014-01-02 15:58:53,649 - Loading XML bean definitions from class path resource [spring/config/BeanLocations.xml]
[INFO] 2014-01-02 15:58:53,748 - Loading XML bean definitions from class path resource [spring/database/DataSource.xml]
[INFO] 2014-01-02 15:58:53,778 - Loading XML bean definitions from class path resource [spring/database/Hibernate.xml]
[INFO] 2014-01-02 15:58:53,795 - Loading XML bean definitions from class path resource [spring/beans/Mail.xml]
[INFO] 2014-01-02 15:58:53,813 - Loading XML bean definitions from class path resource [spring/beans/Account.xml]
[INFO] 2014-01-02 15:58:53,836 - Bean factory for application context [org.springframework.context.support.ClassPathXmlApplicationContext@731e90]: org.springframework.beans.factory.support.DefaultListableBeanFactory@818616
[INFO] 2014-01-02 15:58:53,882 - Loading properties file from class path resource [properties/database.properties]
[INFO] 2014-01-02 15:58:53,890 - Pre-instantiating singletons in org.springframework.beans.factory.support.DefaultListableBeanFactory@818616: defining beans [org.springframework.beans.factory.config.PropertyPlaceholderConfigurer#0,dataSource,sessionFactory,mailBo,mailDao,accountBo,accountDao]; root of factory hierarchy
[INFO] 2014-01-02 15:58:53,903 - Loaded JDBC driver: com.mysql.jdbc.Driver
[INFO] 2014-01-02 15:58:54,139 - Building new Hibernate SessionFactory
[INFO] 2014-01-02 15:58:54,835 - JobID is:bowen_test11@163.com
[INFO] 2014-01-02 15:58:54,863 - cronExpression: 40 1 15-16 * * ?
[INFO] 2014-01-02 15:58:54,872 - JobID is:test@koyoo.cn
[INFO] 2014-01-02 15:58:54,885 - cronExpression: 30 2 15-16 * * ?
[INFO] 2014-01-02 16:00:33,373 - Refreshing org.springframework.context.support.ClassPathXmlApplicationContext@1adbfde: display name [org.springframework.context.support.ClassPathXmlApplicationContext@1adbfde]; startup date [Thu Jan 02 16:00:33 CST 2014]; root of context hierarchy
[INFO] 2014-01-02 16:00:33,485 - Loading XML bean definitions from class path resource [spring/config/BeanLocations.xml]
[INFO] 2014-01-02 16:00:33,587 - Loading XML bean definitions from class path resource [spring/database/DataSource.xml]
[INFO] 2014-01-02 16:00:33,615 - Loading XML bean definitions from class path resource [spring/database/Hibernate.xml]
[INFO] 2014-01-02 16:00:33,631 - Loading XML bean definitions from class path resource [spring/beans/Mail.xml]
[INFO] 2014-01-02 16:00:33,647 - Loading XML bean definitions from class path resource [spring/beans/Account.xml]
[INFO] 2014-01-02 16:00:33,663 - Bean factory for application context [org.springframework.context.support.ClassPathXmlApplicationContext@1adbfde]: org.springframework.beans.factory.support.DefaultListableBeanFactory@9caeb2
[INFO] 2014-01-02 16:00:33,710 - Loading properties file from class path resource [properties/database.properties]
[INFO] 2014-01-02 16:00:33,719 - Pre-instantiating singletons in org.springframework.beans.factory.support.DefaultListableBeanFactory@9caeb2: defining beans [org.springframework.beans.factory.config.PropertyPlaceholderConfigurer#0,dataSource,sessionFactory,mailBo,mailDao,accountBo,accountDao]; root of factory hierarchy
[INFO] 2014-01-02 16:00:33,731 - Loaded JDBC driver: com.mysql.jdbc.Driver
[INFO] 2014-01-02 16:00:33,932 - Building new Hibernate SessionFactory
[INFO] 2014-01-02 16:00:34,654 - JobID is:bowen_test11@163.com
[INFO] 2014-01-02 16:00:34,679 - cronExpression: 40 1 15-16 * * ?
[INFO] 2014-01-02 16:01:24,801 - Refreshing org.springframework.context.support.ClassPathXmlApplicationContext@1adbfde: display name [org.springframework.context.support.ClassPathXmlApplicationContext@1adbfde]; startup date [Thu Jan 02 16:01:24 CST 2014]; root of context hierarchy
[INFO] 2014-01-02 16:01:24,855 - Loading XML bean definitions from class path resource [spring/config/BeanLocations.xml]
[INFO] 2014-01-02 16:01:24,956 - Loading XML bean definitions from class path resource [spring/database/DataSource.xml]
[INFO] 2014-01-02 16:01:24,986 - Loading XML bean definitions from class path resource [spring/database/Hibernate.xml]
[INFO] 2014-01-02 16:01:25,002 - Loading XML bean definitions from class path resource [spring/beans/Mail.xml]
[INFO] 2014-01-02 16:01:25,018 - Loading XML bean definitions from class path resource [spring/beans/Account.xml]
[INFO] 2014-01-02 16:01:25,038 - Bean factory for application context [org.springframework.context.support.ClassPathXmlApplicationContext@1adbfde]: org.springframework.beans.factory.support.DefaultListableBeanFactory@9caeb2
[INFO] 2014-01-02 16:01:25,084 - Loading properties file from class path resource [properties/database.properties]
[INFO] 2014-01-02 16:01:25,093 - Pre-instantiating singletons in org.springframework.beans.factory.support.DefaultListableBeanFactory@9caeb2: defining beans [org.springframework.beans.factory.config.PropertyPlaceholderConfigurer#0,dataSource,sessionFactory,mailBo,mailDao,accountBo,accountDao]; root of factory hierarchy
[INFO] 2014-01-02 16:01:25,107 - Loaded JDBC driver: com.mysql.jdbc.Driver
[INFO] 2014-01-02 16:01:25,308 - Building new Hibernate SessionFactory
[INFO] 2014-01-02 16:01:26,042 - JobID is:bowen_test11@163.com
[INFO] 2014-01-02 16:01:26,071 - cronExpression: 40 1 15-16 * * ?
[INFO] 2014-01-02 16:01:26,080 - JobID is:test@koyoo.cn
[INFO] 2014-01-02 16:01:26,091 - cronExpression: 30 2 15-16 * * ?
[INFO] 2014-01-02 16:01:37,012 - Refreshing org.springframework.context.support.ClassPathXmlApplicationContext@1adbfde: display name [org.springframework.context.support.ClassPathXmlApplicationContext@1adbfde]; startup date [Thu Jan 02 16:01:37 CST 2014]; root of context hierarchy
[INFO] 2014-01-02 16:01:37,069 - Loading XML bean definitions from class path resource [spring/config/BeanLocations.xml]
[INFO] 2014-01-02 16:01:37,171 - Loading XML bean definitions from class path resource [spring/database/DataSource.xml]
[INFO] 2014-01-02 16:01:37,201 - Loading XML bean definitions from class path resource [spring/database/Hibernate.xml]
[INFO] 2014-01-02 16:01:37,219 - Loading XML bean definitions from class path resource [spring/beans/Mail.xml]
[INFO] 2014-01-02 16:01:37,233 - Loading XML bean definitions from class path resource [spring/beans/Account.xml]
[INFO] 2014-01-02 16:01:37,249 - Bean factory for application context [org.springframework.context.support.ClassPathXmlApplicationContext@1adbfde]: org.springframework.beans.factory.support.DefaultListableBeanFactory@9caeb2
[INFO] 2014-01-02 16:01:37,297 - Loading properties file from class path resource [properties/database.properties]
[INFO] 2014-01-02 16:01:37,306 - Pre-instantiating singletons in org.springframework.beans.factory.support.DefaultListableBeanFactory@9caeb2: defining beans [org.springframework.beans.factory.config.PropertyPlaceholderConfigurer#0,dataSource,sessionFactory,mailBo,mailDao,accountBo,accountDao]; root of factory hierarchy
[INFO] 2014-01-02 16:01:37,317 - Loaded JDBC driver: com.mysql.jdbc.Driver
[INFO] 2014-01-02 16:01:37,511 - Building new Hibernate SessionFactory
[INFO] 2014-01-02 16:01:38,286 - JobID is:bowen_test11@163.com
[INFO] 2014-01-02 16:01:38,309 - cronExpression: 40 1 15-17 * * ?
[INFO] 2014-01-02 16:01:38,318 - JobID is:test@koyoo.cn
[INFO] 2014-01-02 16:01:38,331 - cronExpression: 30 2 15-17 * * ?
[INFO] 2014-01-02 16:01:40,063 - Build POP3 connection, Acccount = bowen_test11@163.com Password = waiwai33
[INFO] 2014-01-02 16:01:42,781 - *************************** POP3 End ***************************
[INFO] 2014-01-02 16:01:42,782 - Close inbox.
[INFO] 2014-01-02 16:01:42,891 - Close store.
[INFO] 2014-01-02 16:01:42,891 - No more new mails.
[INFO] 2014-01-02 16:02:30,029 - Build POP3 connection, Acccount = test@koyoo.cn Password = test123456
[INFO] 2014-01-02 16:02:32,335 - *************************** POP3 End ***************************
[INFO] 2014-01-02 16:02:32,336 - Close inbox.
[INFO] 2014-01-02 16:02:32,367 - Close store.
[INFO] 2014-01-02 16:02:32,368 - No more new mails.
[INFO] 2014-01-02 16:10:54,625 - Refreshing org.springframework.context.support.ClassPathXmlApplicationContext@1db8f8e: display name [org.springframework.context.support.ClassPathXmlApplicationContext@1db8f8e]; startup date [Thu Jan 02 16:10:54 CST 2014]; root of context hierarchy
[INFO] 2014-01-02 16:10:54,689 - Loading XML bean definitions from class path resource [spring/config/BeanLocations.xml]
[INFO] 2014-01-02 16:10:54,794 - Loading XML bean definitions from class path resource [spring/database/DataSource.xml]
[INFO] 2014-01-02 16:10:54,828 - Loading XML bean definitions from class path resource [spring/database/Hibernate.xml]
[INFO] 2014-01-02 16:10:54,846 - Loading XML bean definitions from class path resource [spring/beans/Mail.xml]
[INFO] 2014-01-02 16:10:54,865 - Loading XML bean definitions from class path resource [spring/beans/Account.xml]
[INFO] 2014-01-02 16:10:54,882 - Bean factory for application context [org.springframework.context.support.ClassPathXmlApplicationContext@1db8f8e]: org.springframework.beans.factory.support.DefaultListableBeanFactory@18a15ca
[INFO] 2014-01-02 16:10:54,926 - Loading properties file from class path resource [properties/database.properties]
[INFO] 2014-01-02 16:10:54,934 - Pre-instantiating singletons in org.springframework.beans.factory.support.DefaultListableBeanFactory@18a15ca: defining beans [org.springframework.beans.factory.config.PropertyPlaceholderConfigurer#0,dataSource,sessionFactory,mailBo,mailDao,accountBo,accountDao]; root of factory hierarchy
[INFO] 2014-01-02 16:10:54,948 - Loaded JDBC driver: com.mysql.jdbc.Driver
[INFO] 2014-01-02 16:10:55,155 - Building new Hibernate SessionFactory
[INFO] 2014-01-02 16:10:56,051 - JobID is:bowen_test11@163.com
[INFO] 2014-01-02 16:10:56,076 - cronExpression: 0/40 0/1 15-17 * * ?
[INFO] 2014-01-02 16:10:56,087 - JobID is:test@koyoo.cn
[INFO] 2014-01-02 16:10:56,100 - cronExpression: 0/30 0/2 15-17 * * ?
[INFO] 2014-01-02 16:11:00,055 - Build POP3 connection, Acccount = bowen_test11@163.com Password = waiwai33
[INFO] 2014-01-02 16:11:08,648 - *************************** POP3 End ***************************
[INFO] 2014-01-02 16:11:08,648 - Close inbox.
[INFO] 2014-01-02 16:11:08,712 - Close store.
[INFO] 2014-01-02 16:11:08,712 - No more new mails.
[INFO] 2014-01-02 16:11:40,037 - Build POP3 connection, Acccount = bowen_test11@163.com Password = waiwai33
[INFO] 2014-01-02 16:11:42,284 - *************************** POP3 End ***************************
[INFO] 2014-01-02 16:11:42,285 - Close inbox.
[INFO] 2014-01-02 16:11:42,351 - Close store.
[INFO] 2014-01-02 16:11:42,351 - No more new mails.
[INFO] 2014-01-02 16:12:00,020 - Build POP3 connection, Acccount = bowen_test11@163.com Password = waiwai33
[INFO] 2014-01-02 16:12:00,023 - Build POP3 connection, Acccount = test@koyoo.cn Password = test123456
[INFO] 2014-01-02 16:12:01,572 - *************************** POP3 End ***************************
[INFO] 2014-01-02 16:12:01,572 - Close inbox.
[INFO] 2014-01-02 16:12:01,594 - Close store.
[INFO] 2014-01-02 16:12:01,595 - No more new mails.
[INFO] 2014-01-02 16:12:04,033 - *************************** POP3 End ***************************
[INFO] 2014-01-02 16:12:04,034 - Close inbox.
[INFO] 2014-01-02 16:12:04,093 - Close store.
[INFO] 2014-01-02 16:12:04,093 - No more new mails.
[INFO] 2014-01-02 16:12:30,013 - Build POP3 connection, Acccount = test@koyoo.cn Password = test123456
[INFO] 2014-01-02 16:12:31,878 - *************************** POP3 End ***************************
[INFO] 2014-01-02 16:12:31,878 - Close inbox.
[INFO] 2014-01-02 16:12:31,933 - Close store.
[INFO] 2014-01-02 16:12:31,934 - No more new mails.
[INFO] 2014-01-02 16:12:40,026 - Build POP3 connection, Acccount = bowen_test11@163.com Password = waiwai33
[INFO] 2014-01-02 16:16:22,577 - Refreshing org.springframework.context.support.ClassPathXmlApplicationContext@731e90: display name [org.springframework.context.support.ClassPathXmlApplicationContext@731e90]; startup date [Thu Jan 02 16:16:22 CST 2014]; root of context hierarchy
[INFO] 2014-01-02 16:16:22,632 - Loading XML bean definitions from class path resource [spring/config/BeanLocations.xml]
[INFO] 2014-01-02 16:16:22,733 - Loading XML bean definitions from class path resource [spring/database/DataSource.xml]
[INFO] 2014-01-02 16:16:22,767 - Loading XML bean definitions from class path resource [spring/database/Hibernate.xml]
[INFO] 2014-01-02 16:16:22,784 - Loading XML bean definitions from class path resource [spring/beans/Mail.xml]
[INFO] 2014-01-02 16:16:22,801 - Loading XML bean definitions from class path resource [spring/beans/Account.xml]
[INFO] 2014-01-02 16:16:22,822 - Bean factory for application context [org.springframework.context.support.ClassPathXmlApplicationContext@731e90]: org.springframework.beans.factory.support.DefaultListableBeanFactory@818616
[INFO] 2014-01-02 16:16:22,864 - Loading properties file from class path resource [properties/database.properties]
[INFO] 2014-01-02 16:16:22,874 - Pre-instantiating singletons in org.springframework.beans.factory.support.DefaultListableBeanFactory@818616: defining beans [org.springframework.beans.factory.config.PropertyPlaceholderConfigurer#0,dataSource,sessionFactory,mailBo,mailDao,accountBo,accountDao]; root of factory hierarchy
[INFO] 2014-01-02 16:16:22,886 - Loaded JDBC driver: com.mysql.jdbc.Driver
[INFO] 2014-01-02 16:16:23,084 - Building new Hibernate SessionFactory
[INFO] 2014-01-02 16:16:23,758 - JobID is:bowen_test11@163.com
[INFO] 2014-01-02 16:16:23,780 - cronExpression: 0 0/1 15-17 * * ?
[INFO] 2014-01-02 16:16:23,791 - JobID is:test@koyoo.cn
[INFO] 2014-01-02 16:16:23,804 - cronExpression: 0 0/2 15-17 * * ?
[INFO] 2014-01-02 16:17:00,074 - Build POP3 connection, Acccount = bowen_test11@163.com Password = waiwai33
[INFO] 2014-01-02 16:17:01,954 - *************************** POP3 End ***************************
[INFO] 2014-01-02 16:17:01,954 - Close inbox.
[INFO] 2014-01-02 16:17:02,017 - Close store.
[INFO] 2014-01-02 16:17:02,017 - No more new mails.
[INFO] 2014-01-02 16:18:00,034 - Build POP3 connection, Acccount = bowen_test11@163.com Password = waiwai33
[INFO] 2014-01-02 16:18:00,034 - Build POP3 connection, Acccount = test@koyoo.cn Password = test123456
[INFO] 2014-01-02 16:18:01,033 - *************************** POP3 End ***************************
[INFO] 2014-01-02 16:18:01,033 - Close inbox.
[INFO] 2014-01-02 16:18:01,069 - Close store.
[INFO] 2014-01-02 16:18:01,069 - No more new mails.
[INFO] 2014-01-02 16:18:01,880 - *************************** POP3 End ***************************
[INFO] 2014-01-02 16:18:01,880 - Close inbox.
[INFO] 2014-01-02 16:18:01,961 - Close store.
[INFO] 2014-01-02 16:18:01,961 - No more new mails.
[INFO] 2014-01-02 16:19:00,031 - Build POP3 connection, Acccount = bowen_test11@163.com Password = waiwai33
[INFO] 2014-01-02 16:19:02,171 - *************************** POP3 End ***************************
[INFO] 2014-01-02 16:19:02,171 - Close inbox.
[INFO] 2014-01-02 16:19:02,230 - Close store.
[INFO] 2014-01-02 16:19:02,231 - No more new mails.
[INFO] 2014-01-02 16:21:26,843 - Refreshing org.springframework.context.support.ClassPathXmlApplicationContext@1adbfde: display name [org.springframework.context.support.ClassPathXmlApplicationContext@1adbfde]; startup date [Thu Jan 02 16:21:26 CST 2014]; root of context hierarchy
[INFO] 2014-01-02 16:21:26,893 - Loading XML bean definitions from class path resource [spring/config/BeanLocations.xml]
[INFO] 2014-01-02 16:21:27,021 - Loading XML bean definitions from class path resource [spring/database/DataSource.xml]
[INFO] 2014-01-02 16:21:27,055 - Loading XML bean definitions from class path resource [spring/database/Hibernate.xml]
[INFO] 2014-01-02 16:21:27,073 - Loading XML bean definitions from class path resource [spring/beans/Mail.xml]
[INFO] 2014-01-02 16:21:27,094 - Loading XML bean definitions from class path resource [spring/beans/Account.xml]
[INFO] 2014-01-02 16:21:27,117 - Bean factory for application context [org.springframework.context.support.ClassPathXmlApplicationContext@1adbfde]: org.springframework.beans.factory.support.DefaultListableBeanFactory@9165fa
[INFO] 2014-01-02 16:21:27,171 - Loading properties file from class path resource [properties/database.properties]
[INFO] 2014-01-02 16:21:27,180 - Pre-instantiating singletons in org.springframework.beans.factory.support.DefaultListableBeanFactory@9165fa: defining beans [org.springframework.beans.factory.config.PropertyPlaceholderConfigurer#0,dataSource,sessionFactory,mailBo,mailDao,accountBo,accountDao]; root of factory hierarchy
[INFO] 2014-01-02 16:21:27,194 - Loaded JDBC driver: com.mysql.jdbc.Driver
[INFO] 2014-01-02 16:21:27,432 - Building new Hibernate SessionFactory
[INFO] 2014-01-02 16:21:28,225 - JobID is:bowen_test11@163.com
[INFO] 2014-01-02 16:21:44,797 - Refreshing org.springframework.context.support.ClassPathXmlApplicationContext@1db8f8e: display name [org.springframework.context.support.ClassPathXmlApplicationContext@1db8f8e]; startup date [Thu Jan 02 16:21:44 CST 2014]; root of context hierarchy
[INFO] 2014-01-02 16:21:44,861 - Loading XML bean definitions from class path resource [spring/config/BeanLocations.xml]
[INFO] 2014-01-02 16:21:44,990 - Loading XML bean definitions from class path resource [spring/database/DataSource.xml]
[INFO] 2014-01-02 16:21:45,027 - Loading XML bean definitions from class path resource [spring/database/Hibernate.xml]
[INFO] 2014-01-02 16:21:45,045 - Loading XML bean definitions from class path resource [spring/beans/Mail.xml]
[INFO] 2014-01-02 16:21:45,061 - Loading XML bean definitions from class path resource [spring/beans/Account.xml]
[INFO] 2014-01-02 16:21:45,081 - Bean factory for application context [org.springframework.context.support.ClassPathXmlApplicationContext@1db8f8e]: org.springframework.beans.factory.support.DefaultListableBeanFactory@9165fa
[INFO] 2014-01-02 16:21:45,146 - Loading properties file from class path resource [properties/database.properties]
[INFO] 2014-01-02 16:21:45,156 - Pre-instantiating singletons in org.springframework.beans.factory.support.DefaultListableBeanFactory@9165fa: defining beans [org.springframework.beans.factory.config.PropertyPlaceholderConfigurer#0,dataSource,sessionFactory,mailBo,mailDao,accountBo,accountDao]; root of factory hierarchy
[INFO] 2014-01-02 16:21:45,168 - Loaded JDBC driver: com.mysql.jdbc.Driver
[INFO] 2014-01-02 16:21:45,417 - Building new Hibernate SessionFactory
[INFO] 2014-01-02 16:21:46,181 - JobID is:bowen_test11@163.com
[INFO] 2014-01-02 16:21:46,226 - cronExpression: 40 0/1 15-17 * * ?
[INFO] 2014-01-02 16:21:46,237 - JobID is:test@koyoo.cn
[INFO] 2014-01-02 16:21:46,251 - cronExpression: 30 0/2 15-17 * * ?
[INFO] 2014-01-02 16:22:30,064 - Build POP3 connection, Acccount = test@koyoo.cn Password = test123456
[INFO] 2014-01-02 16:22:30,964 - *************************** POP3 End ***************************
[INFO] 2014-01-02 16:22:30,964 - Close inbox.
[INFO] 2014-01-02 16:22:30,987 - Close store.
[INFO] 2014-01-02 16:22:30,987 - No more new mails.
[INFO] 2014-01-02 16:22:40,015 - Build POP3 connection, Acccount = bowen_test11@163.com Password = waiwai33
[INFO] 2014-01-02 16:22:41,775 - *************************** POP3 End ***************************
[INFO] 2014-01-02 16:22:41,775 - Close inbox.
[INFO] 2014-01-02 16:22:41,837 - Close store.
[INFO] 2014-01-02 16:22:41,837 - No more new mails.
[INFO] 2014-01-02 16:23:40,014 - Build POP3 connection, Acccount = bowen_test11@163.com Password = waiwai33
[INFO] 2014-01-02 16:23:41,776 - *************************** POP3 End ***************************
[INFO] 2014-01-02 16:23:41,777 - Close inbox.
[INFO] 2014-01-02 16:23:41,839 - Close store.
[INFO] 2014-01-02 16:23:41,839 - No more new mails.
[INFO] 2014-01-02 16:24:30,021 - Build POP3 connection, Acccount = test@koyoo.cn Password = test123456
[INFO] 2014-01-02 16:24:30,882 - *************************** POP3 End ***************************
[INFO] 2014-01-02 16:24:30,882 - Close inbox.
[INFO] 2014-01-02 16:24:30,905 - Close store.
[INFO] 2014-01-02 16:24:30,905 - No more new mails.
[INFO] 2014-01-02 16:24:40,016 - Build POP3 connection, Acccount = bowen_test11@163.com Password = waiwai33
[INFO] 2014-01-02 16:24:41,813 - *************************** POP3 End ***************************
[INFO] 2014-01-02 16:24:41,813 - Close inbox.
[INFO] 2014-01-02 16:24:41,872 - Close store.
[INFO] 2014-01-02 16:24:41,872 - No more new mails.
[INFO] 2014-01-02 16:25:40,018 - Build POP3 connection, Acccount = bowen_test11@163.com Password = waiwai33
[INFO] 2014-01-02 16:25:42,822 - *************************** POP3 End ***************************
[INFO] 2014-01-02 16:25:42,823 - Close inbox.
[INFO] 2014-01-02 16:25:42,881 - Close store.
[INFO] 2014-01-02 16:25:42,881 - No more new mails.
[INFO] 2014-01-02 16:26:30,010 - Build POP3 connection, Acccount = test@koyoo.cn Password = test123456
[INFO] 2014-01-02 16:26:32,730 - *************************** POP3 End ***************************
[INFO] 2014-01-02 16:26:32,730 - Close inbox.
[INFO] 2014-01-02 16:26:32,757 - Close store.
[INFO] 2014-01-02 16:26:32,757 - No more new mails.
[INFO] 2014-01-02 16:26:40,013 - Build POP3 connection, Acccount = bowen_test11@163.com Password = waiwai33
[INFO] 2014-01-02 16:26:42,875 - *************************** POP3 End ***************************
[INFO] 2014-01-02 16:26:42,875 - Close inbox.
[INFO] 2014-01-02 16:26:42,934 - Close store.
[INFO] 2014-01-02 16:26:42,934 - No more new mails.
[INFO] 2014-01-02 16:27:40,022 - Build POP3 connection, Acccount = bowen_test11@163.com Password = waiwai33
[INFO] 2014-01-02 16:27:42,960 - *************************** POP3 End ***************************
[INFO] 2014-01-02 16:27:42,961 - Close inbox.
[INFO] 2014-01-02 16:27:43,041 - Close store.
[INFO] 2014-01-02 16:27:43,042 - No more new mails.
[INFO] 2014-01-02 16:28:30,012 - Build POP3 connection, Acccount = test@koyoo.cn Password = test123456
[INFO] 2014-01-02 16:28:34,494 - *************************** POP3 End ***************************
[INFO] 2014-01-02 16:28:34,494 - Close inbox.
[INFO] 2014-01-02 16:28:34,516 - Close store.
[INFO] 2014-01-02 16:28:34,516 - No more new mails.
[INFO] 2014-01-02 16:28:40,009 - Build POP3 connection, Acccount = bowen_test11@163.com Password = waiwai33
[INFO] 2014-01-02 16:28:43,359 - *************************** POP3 End ***************************
[INFO] 2014-01-02 16:28:43,359 - Close inbox.
[INFO] 2014-01-02 16:28:43,444 - Close store.
[INFO] 2014-01-02 16:28:43,444 - No more new mails.
[INFO] 2014-01-02 16:29:40,027 - Build POP3 connection, Acccount = bowen_test11@163.com Password = waiwai33
[INFO] 2014-01-02 16:29:42,810 - *************************** POP3 End ***************************
[INFO] 2014-01-02 16:29:42,810 - Close inbox.
[INFO] 2014-01-02 16:29:42,871 - Close store.
[INFO] 2014-01-02 16:29:42,871 - No more new mails.
[INFO] 2014-01-02 16:30:30,015 - Build POP3 connection, Acccount = test@koyoo.cn Password = test123456
[INFO] 2014-01-02 16:30:35,172 - *************************** POP3 End ***************************
[INFO] 2014-01-02 16:30:35,172 - Close inbox.
[INFO] 2014-01-02 16:30:35,206 - Close store.
[INFO] 2014-01-02 16:30:35,206 - No more new mails.
[INFO] 2014-01-02 16:30:40,009 - Build POP3 connection, Acccount = bowen_test11@163.com Password = waiwai33
[INFO] 2014-01-02 16:30:42,976 - *************************** POP3 End ***************************
[INFO] 2014-01-02 16:30:42,976 - Close inbox.
[INFO] 2014-01-02 16:30:43,037 - Close store.
[INFO] 2014-01-02 16:30:43,037 - No more new mails.
[INFO] 2014-01-02 16:32:28,941 - Refreshing org.springframework.context.support.ClassPathXmlApplicationContext@731e90: display name [org.springframework.context.support.ClassPathXmlApplicationContext@731e90]; startup date [Thu Jan 02 16:32:28 CST 2014]; root of context hierarchy
[INFO] 2014-01-02 16:32:28,998 - Loading XML bean definitions from class path resource [spring/config/BeanLocations.xml]
[INFO] 2014-01-02 16:32:29,104 - Loading XML bean definitions from class path resource [spring/database/DataSource.xml]
[INFO] 2014-01-02 16:32:29,135 - Loading XML bean definitions from class path resource [spring/database/Hibernate.xml]
[INFO] 2014-01-02 16:32:29,152 - Loading XML bean definitions from class path resource [spring/beans/Mail.xml]
[INFO] 2014-01-02 16:32:29,167 - Loading XML bean definitions from class path resource [spring/beans/Account.xml]
[INFO] 2014-01-02 16:32:29,192 - Bean factory for application context [org.springframework.context.support.ClassPathXmlApplicationContext@731e90]: org.springframework.beans.factory.support.DefaultListableBeanFactory@818616
[INFO] 2014-01-02 16:32:29,242 - Loading properties file from class path resource [properties/database.properties]
[INFO] 2014-01-02 16:32:29,249 - Pre-instantiating singletons in org.springframework.beans.factory.support.DefaultListableBeanFactory@818616: defining beans [org.springframework.beans.factory.config.PropertyPlaceholderConfigurer#0,dataSource,sessionFactory,mailBo,mailDao,accountBo,accountDao]; root of factory hierarchy
[INFO] 2014-01-02 16:32:29,261 - Loaded JDBC driver: com.mysql.jdbc.Driver
[INFO] 2014-01-02 16:32:29,453 - Building new Hibernate SessionFactory
[INFO] 2014-01-02 16:32:30,135 - JobID is:bowen_test11@163.com
[INFO] 2014-01-02 16:32:30,161 - cronExpression: 0 0/1 15-17 * * ?
[INFO] 2014-01-02 16:32:30,170 - JobID is:test@koyoo.cn
[INFO] 2014-01-02 16:32:30,183 - cronExpression: 7 0/2 15-17 * * ?
[INFO] 2014-01-02 16:32:41,699 - Refreshing org.springframework.context.support.ClassPathXmlApplicationContext@731e90: display name [org.springframework.context.support.ClassPathXmlApplicationContext@731e90]; startup date [Thu Jan 02 16:32:41 CST 2014]; root of context hierarchy
[INFO] 2014-01-02 16:32:41,752 - Loading XML bean definitions from class path resource [spring/config/BeanLocations.xml]
[INFO] 2014-01-02 16:32:41,853 - Loading XML bean definitions from class path resource [spring/database/DataSource.xml]
[INFO] 2014-01-02 16:32:41,882 - Loading XML bean definitions from class path resource [spring/database/Hibernate.xml]
[INFO] 2014-01-02 16:32:41,899 - Loading XML bean definitions from class path resource [spring/beans/Mail.xml]
[INFO] 2014-01-02 16:32:41,914 - Loading XML bean definitions from class path resource [spring/beans/Account.xml]
[INFO] 2014-01-02 16:32:41,934 - Bean factory for application context [org.springframework.context.support.ClassPathXmlApplicationContext@731e90]: org.springframework.beans.factory.support.DefaultListableBeanFactory@818616
[INFO] 2014-01-02 16:32:41,985 - Loading properties file from class path resource [properties/database.properties]
[INFO] 2014-01-02 16:32:41,994 - Pre-instantiating singletons in org.springframework.beans.factory.support.DefaultListableBeanFactory@818616: defining beans [org.springframework.beans.factory.config.PropertyPlaceholderConfigurer#0,dataSource,sessionFactory,mailBo,mailDao,accountBo,accountDao]; root of factory hierarchy
[INFO] 2014-01-02 16:32:42,008 - Loaded JDBC driver: com.mysql.jdbc.Driver
[INFO] 2014-01-02 16:32:42,211 - Building new Hibernate SessionFactory
[INFO] 2014-01-02 16:32:42,962 - JobID is:bowen_test11@163.com
[INFO] 2014-01-02 16:32:42,990 - cronExpression: 0 0/1 15-17 * * ?
[INFO] 2014-01-02 16:32:43,002 - JobID is:test@koyoo.cn
[INFO] 2014-01-02 16:32:43,015 - cronExpression: 7 0/2 15-17 * * ?
[INFO] 2014-01-02 16:33:00,059 - Build POP3 connection, Acccount = bowen_test11@163.com Password = waiwai33
[INFO] 2014-01-02 16:33:03,370 - *************************** POP3 End ***************************
[INFO] 2014-01-02 16:33:03,370 - Close inbox.
[INFO] 2014-01-02 16:33:03,429 - Close store.
[INFO] 2014-01-02 16:33:03,429 - No more new mails.
[INFO] 2014-01-02 16:34:00,019 - Build POP3 connection, Acccount = bowen_test11@163.com Password = waiwai33
[INFO] 2014-01-02 16:34:02,932 - *************************** POP3 End ***************************
[INFO] 2014-01-02 16:34:02,932 - Close inbox.
[INFO] 2014-01-02 16:34:02,991 - Close store.
[INFO] 2014-01-02 16:34:02,991 - No more new mails.
[INFO] 2014-01-02 16:34:07,012 - Build POP3 connection, Acccount = test@koyoo.cn Password = test123456
[INFO] 2014-01-02 16:34:08,335 - *************************** POP3 End ***************************
[INFO] 2014-01-02 16:34:08,335 - Close inbox.
[INFO] 2014-01-02 16:34:08,359 - Close store.
[INFO] 2014-01-02 16:34:08,359 - No more new mails.
[INFO] 2014-01-02 16:35:00,030 - Build POP3 connection, Acccount = bowen_test11@163.com Password = waiwai33
[INFO] 2014-01-02 16:35:02,620 - *************************** POP3 End ***************************
[INFO] 2014-01-02 16:35:02,620 - Close inbox.
[INFO] 2014-01-02 16:35:02,692 - Close store.
[INFO] 2014-01-02 16:35:02,692 - No more new mails.
[INFO] 2014-01-02 16:36:00,028 - Build POP3 connection, Acccount = bowen_test11@163.com Password = waiwai33
[INFO] 2014-01-02 16:36:02,866 - *************************** POP3 End ***************************
[INFO] 2014-01-02 16:36:02,866 - Close inbox.
[INFO] 2014-01-02 16:36:02,927 - Close store.
[INFO] 2014-01-02 16:36:02,927 - No more new mails.
[INFO] 2014-01-02 16:36:07,043 - Build POP3 connection, Acccount = test@koyoo.cn Password = test123456
[INFO] 2014-01-02 16:36:08,311 - *************************** POP3 End ***************************
[INFO] 2014-01-02 16:36:08,312 - Close inbox.
[INFO] 2014-01-02 16:36:08,339 - Close store.
[INFO] 2014-01-02 16:36:08,339 - No more new mails.
[INFO] 2014-01-02 16:37:00,012 - Build POP3 connection, Acccount = bowen_test11@163.com Password = waiwai33
[INFO] 2014-01-02 16:37:04,115 - *************************** POP3 End ***************************
[INFO] 2014-01-02 16:37:04,115 - Close inbox.
[INFO] 2014-01-02 16:37:04,302 - Close store.
[INFO] 2014-01-02 16:37:04,302 - No more new mails.
[INFO] 2014-01-02 16:38:00,024 - Build POP3 connection, Acccount = bowen_test11@163.com Password = waiwai33
[INFO] 2014-01-02 16:38:02,755 - *************************** POP3 End ***************************
[INFO] 2014-01-02 16:38:02,755 - Close inbox.
[INFO] 2014-01-02 16:38:02,816 - Close store.
[INFO] 2014-01-02 16:38:02,816 - No more new mails.
[INFO] 2014-01-02 16:38:07,010 - Build POP3 connection, Acccount = test@koyoo.cn Password = test123456
[INFO] 2014-01-02 16:38:08,648 - *************************** POP3 End ***************************
[INFO] 2014-01-02 16:38:08,648 - Close inbox.
[INFO] 2014-01-02 16:38:08,757 - Close store.
[INFO] 2014-01-02 16:38:08,757 - No more new mails.
[INFO] 2014-01-02 16:39:00,016 - Build POP3 connection, Acccount = bowen_test11@163.com Password = waiwai33
[INFO] 2014-01-02 16:39:02,796 - *************************** POP3 pulling mail ***************************
[INFO] 2014-01-02 16:39:35,983 - MULTIPART COUNT = 2
[INFO] 2014-01-02 16:39:35,984 - MULTIPART COUNT = 2
[INFO] 2014-01-02 16:39:36,044 - Content: <div>bigtest</div>
[INFO] 2014-01-02 16:39:36,045 - Connection time out, create a new one...
[INFO] 2014-01-02 16:39:36,047 - Done!
[INFO] 2014-01-02 16:39:36,077 - Destination directory: /Attachment_for_Client/2014-01-02/bowen_test11@163.com/122500032@qq.com/2014-01-02_16-37-39
[INFO] 2014-01-02 16:39:36,108 - Pulling file...
[INFO] 2014-01-02 16:39:36,743 - Done!
[INFO] 2014-01-02 16:39:37,070 - *************************** POP3 End ***************************
[INFO] 2014-01-02 16:39:37,071 - Close inbox.
[INFO] 2014-01-02 16:39:37,188 - Close store.
[INFO] 2014-01-02 16:39:37,350 - 1 mails received.
[INFO] 2014-01-02 16:40:00,025 - Build POP3 connection, Acccount = bowen_test11@163.com Password = waiwai33
[INFO] 2014-01-02 16:40:05,503 - *************************** POP3 End ***************************
[INFO] 2014-01-02 16:40:05,503 - Close inbox.
[INFO] 2014-01-02 16:40:05,564 - Close store.
[INFO] 2014-01-02 16:40:05,564 - No more new mails.
[INFO] 2014-01-02 16:40:07,015 - Build POP3 connection, Acccount = test@koyoo.cn Password = test123456
[INFO] 2014-01-02 16:40:10,478 - *************************** POP3 pulling mail ***************************
[INFO] 2014-01-02 16:41:00,013 - Build POP3 connection, Acccount = bowen_test11@163.com Password = waiwai33
[INFO] 2014-01-02 16:41:02,939 - *************************** POP3 End ***************************
[INFO] 2014-01-02 16:41:02,939 - Close inbox.
[INFO] 2014-01-02 16:41:03,056 - Close store.
[INFO] 2014-01-02 16:41:03,056 - No more new mails.
[INFO] 2014-01-02 16:42:00,013 - Build POP3 connection, Acccount = bowen_test11@163.com Password = waiwai33
[INFO] 2014-01-02 16:42:03,138 - *************************** POP3 End ***************************
[INFO] 2014-01-02 16:42:03,139 - Close inbox.
[INFO] 2014-01-02 16:42:03,197 - Close store.
[INFO] 2014-01-02 16:42:03,197 - No more new mails.
[INFO] 2014-01-02 16:42:07,010 - Build POP3 connection, Acccount = test@koyoo.cn Password = test123456
[INFO] 2014-01-02 16:42:07,550 - Build POP3 connection failed, caused by: javax.mail.AuthenticationFailedException: maildrop already locked
[INFO] 2014-01-02 16:43:36,525 - Refreshing org.springframework.context.support.ClassPathXmlApplicationContext@731e90: display name [org.springframework.context.support.ClassPathXmlApplicationContext@731e90]; startup date [Thu Jan 02 16:43:36 CST 2014]; root of context hierarchy
[INFO] 2014-01-02 16:43:36,577 - Loading XML bean definitions from class path resource [spring/config/BeanLocations.xml]
[INFO] 2014-01-02 16:43:36,678 - Loading XML bean definitions from class path resource [spring/database/DataSource.xml]
[INFO] 2014-01-02 16:43:36,706 - Loading XML bean definitions from class path resource [spring/database/Hibernate.xml]
[INFO] 2014-01-02 16:43:36,723 - Loading XML bean definitions from class path resource [spring/beans/Mail.xml]
[INFO] 2014-01-02 16:43:36,739 - Loading XML bean definitions from class path resource [spring/beans/Account.xml]
[INFO] 2014-01-02 16:43:36,760 - Bean factory for application context [org.springframework.context.support.ClassPathXmlApplicationContext@731e90]: org.springframework.beans.factory.support.DefaultListableBeanFactory@818616
[INFO] 2014-01-02 16:43:36,807 - Loading properties file from class path resource [properties/database.properties]
[INFO] 2014-01-02 16:43:36,815 - Pre-instantiating singletons in org.springframework.beans.factory.support.DefaultListableBeanFactory@818616: defining beans [org.springframework.beans.factory.config.PropertyPlaceholderConfigurer#0,dataSource,sessionFactory,mailBo,mailDao,accountBo,accountDao]; root of factory hierarchy
[INFO] 2014-01-02 16:43:36,829 - Loaded JDBC driver: com.mysql.jdbc.Driver
[INFO] 2014-01-02 16:43:37,028 - Building new Hibernate SessionFactory
[INFO] 2014-01-02 16:43:37,711 - JobID is:bowen_test11@163.com
[INFO] 2014-01-02 16:43:37,737 - cronExpression: 0 0/1 15-17 * * ?
[INFO] 2014-01-02 16:43:37,748 - JobID is:test@koyoo.cn
[INFO] 2014-01-02 16:43:37,761 - cronExpression: 7 0/1 15-17 * * ?
[INFO] 2014-01-02 16:44:00,056 - Build POP3 connection, Acccount = bowen_test11@163.com Password = waiwai33
[INFO] 2014-01-02 16:44:07,018 - Build POP3 connection, Acccount = test@koyoo.cn Password = test123456
[INFO] 2014-01-02 16:44:14,150 - *************************** POP3 End ***************************
[INFO] 2014-01-02 16:44:14,150 - Close inbox.
[INFO] 2014-01-02 16:44:14,438 - Close store.
[INFO] 2014-01-02 16:44:14,438 - No more new mails.
[INFO] 2014-01-02 16:44:17,006 - *************************** POP3 pulling mail ***************************
[INFO] 2014-01-02 16:45:00,027 - Build POP3 connection, Acccount = bowen_test11@163.com Password = waiwai33
[INFO] 2014-01-02 16:45:22,221 - Refreshing org.springframework.context.support.ClassPathXmlApplicationContext@731e90: display name [org.springframework.context.support.ClassPathXmlApplicationContext@731e90]; startup date [Thu Jan 02 16:45:22 CST 2014]; root of context hierarchy
[INFO] 2014-01-02 16:45:22,277 - Loading XML bean definitions from class path resource [spring/config/BeanLocations.xml]
[INFO] 2014-01-02 16:45:22,376 - Loading XML bean definitions from class path resource [spring/database/DataSource.xml]
[INFO] 2014-01-02 16:45:22,407 - Loading XML bean definitions from class path resource [spring/database/Hibernate.xml]
[INFO] 2014-01-02 16:45:22,425 - Loading XML bean definitions from class path resource [spring/beans/Mail.xml]
[INFO] 2014-01-02 16:45:22,441 - Loading XML bean definitions from class path resource [spring/beans/Account.xml]
[INFO] 2014-01-02 16:45:22,464 - Bean factory for application context [org.springframework.context.support.ClassPathXmlApplicationContext@731e90]: org.springframework.beans.factory.support.DefaultListableBeanFactory@818616
[INFO] 2014-01-02 16:45:22,515 - Loading properties file from class path resource [properties/database.properties]
[INFO] 2014-01-02 16:45:22,524 - Pre-instantiating singletons in org.springframework.beans.factory.support.DefaultListableBeanFactory@818616: defining beans [org.springframework.beans.factory.config.PropertyPlaceholderConfigurer#0,dataSource,sessionFactory,mailBo,mailDao,accountBo,accountDao]; root of factory hierarchy
[INFO] 2014-01-02 16:45:22,538 - Loaded JDBC driver: com.mysql.jdbc.Driver
[INFO] 2014-01-02 16:45:22,741 - Building new Hibernate SessionFactory
[INFO] 2014-01-02 16:45:23,453 - JobID is:bowen_test11@163.com
[INFO] 2014-01-02 16:45:23,478 - cronExpression: 0 0/1 15-17 * * ?
[INFO] 2014-01-02 16:45:23,488 - JobID is:test@koyoo.cn
[INFO] 2014-01-02 16:45:23,503 - cronExpression: 7 0/1 15-17 * * ?
[INFO] 2014-01-02 16:46:00,073 - Build POP3 connection, Acccount = bowen_test11@163.com Password = waiwai33
[INFO] 2014-01-02 16:46:02,508 - *************************** POP3 pulling mail ***************************
[INFO] 2014-01-02 16:46:07,027 - Build POP3 connection, Acccount = test@koyoo.cn Password = test123456
[INFO] 2014-01-02 16:46:15,144 - MULTIPART COUNT = 2
[INFO] 2014-01-02 16:46:15,144 - MULTIPART COUNT = 2
[INFO] 2014-01-02 16:46:15,149 - Content: <div>jjjggjj</div>
[INFO] 2014-01-02 16:46:15,158 - Destination directory: /Attachment_for_Client/2014-01-02/bowen_test11@163.com/122500032@qq.com/2014-01-02_16-45-07
[INFO] 2014-01-02 16:46:15,161 - Pulling file...
[INFO] 2014-01-02 16:46:15,418 - Done!
[INFO] 2014-01-02 16:46:15,539 - *************************** POP3 End ***************************
[INFO] 2014-01-02 16:46:15,540 - Close inbox.
[INFO] 2014-01-02 16:46:15,641 - Close store.
[INFO] 2014-01-02 16:46:15,739 - 1 mails received.
[INFO] 2014-01-02 16:46:20,328 - *************************** POP3 pulling mail ***************************
[INFO] 2014-01-02 16:47:00,017 - Build POP3 connection, Acccount = bowen_test11@163.com Password = waiwai33
[INFO] 2014-01-02 16:47:03,445 - *************************** POP3 End ***************************
[INFO] 2014-01-02 16:47:03,445 - Close inbox.
[INFO] 2014-01-02 16:47:03,507 - Close store.
[INFO] 2014-01-02 16:47:03,508 - No more new mails.
[INFO] 2014-01-02 16:50:48,086 - Refreshing org.springframework.context.support.ClassPathXmlApplicationContext@731e90: display name [org.springframework.context.support.ClassPathXmlApplicationContext@731e90]; startup date [Thu Jan 02 16:50:48 CST 2014]; root of context hierarchy
[INFO] 2014-01-02 16:50:48,145 - Loading XML bean definitions from class path resource [spring/config/BeanLocations.xml]
[INFO] 2014-01-02 16:50:48,252 - Loading XML bean definitions from class path resource [spring/database/DataSource.xml]
[INFO] 2014-01-02 16:50:48,280 - Loading XML bean definitions from class path resource [spring/database/Hibernate.xml]
[INFO] 2014-01-02 16:50:48,298 - Loading XML bean definitions from class path resource [spring/beans/Mail.xml]
[INFO] 2014-01-02 16:50:48,312 - Loading XML bean definitions from class path resource [spring/beans/Account.xml]
[INFO] 2014-01-02 16:50:48,328 - Bean factory for application context [org.springframework.context.support.ClassPathXmlApplicationContext@731e90]: org.springframework.beans.factory.support.DefaultListableBeanFactory@818616
[INFO] 2014-01-02 16:50:48,376 - Loading properties file from class path resource [properties/database.properties]
[INFO] 2014-01-02 16:50:48,384 - Pre-instantiating singletons in org.springframework.beans.factory.support.DefaultListableBeanFactory@818616: defining beans [org.springframework.beans.factory.config.PropertyPlaceholderConfigurer#0,dataSource,sessionFactory,mailBo,mailDao,accountBo,accountDao]; root of factory hierarchy
[INFO] 2014-01-02 16:50:48,397 - Loaded JDBC driver: com.mysql.jdbc.Driver
[INFO] 2014-01-02 16:50:48,602 - Building new Hibernate SessionFactory
[INFO] 2014-01-02 16:50:49,304 - JobID is:bowen_test11@163.com
[INFO] 2014-01-02 16:50:49,331 - cronExpression: 0 0/1 15-17 * * ?
[INFO] 2014-01-02 16:50:49,342 - JobID is:test@koyoo.cn
[INFO] 2014-01-02 16:50:49,354 - cronExpression: 7 0/1 15-17 * * ?
[INFO] 2014-01-02 16:51:00,054 - Build POP3 connection, Acccount = bowen_test11@163.com Password = waiwai33
[INFO] 2014-01-02 16:51:04,397 - *************************** POP3 End ***************************
[INFO] 2014-01-02 16:51:04,398 - Close inbox.
[INFO] 2014-01-02 16:51:04,464 - Close store.
[INFO] 2014-01-02 16:51:04,464 - No more new mails.
[INFO] 2014-01-02 16:51:07,019 - Build POP3 connection, Acccount = test@koyoo.cn Password = test123456
[INFO] 2014-01-02 16:51:08,429 - *************************** POP3 pulling mail ***************************
[INFO] 2014-01-02 16:52:00,017 - Build POP3 connection, Acccount = bowen_test11@163.com Password = waiwai33
[INFO] 2014-01-02 16:52:02,244 - *************************** POP3 End ***************************
[INFO] 2014-01-02 16:52:02,244 - Close inbox.
[INFO] 2014-01-02 16:52:02,361 - Close store.
[INFO] 2014-01-02 16:52:02,361 - No more new mails.
[INFO] 2014-01-02 16:52:07,016 - Build POP3 connection, Acccount = test@koyoo.cn Password = test123456
[INFO] 2014-01-02 16:52:07,288 - Build POP3 connection failed, caused by: javax.mail.AuthenticationFailedException: maildrop already locked
